\BOOKMARK [0][-]{chapter.1}{\376\377\000W\000s\000t\001\031\000p}{}% 1
\BOOKMARK [1][-]{subsection.1.0.1}{\376\377\000P\000o\000j\001\031\000c\000i\000e\000\040\000r\000e\000g\000u\000l\000a\000c\000j\000i\000\040\000w\000\040\000p\000r\000z\000e\000m\000y\001\133\000l\000e}{chapter.1}% 2
\BOOKMARK [2][-]{subsection.1.0.2}{\376\377\000Z\000d\000e\000f\000i\000n\000i\000o\000w\000a\000n\000i\000e\000\040\000c\000e\000l\000u\000\040\000p\000r\000a\000c\000y}{subsection.1.0.1}% 3
\BOOKMARK [0][-]{chapter.2}{\376\377\000C\000h\000a\000r\000a\000k\000t\000e\000r\000y\000s\000t\000y\000k\000a\000\040\000e\000l\000e\000m\000e\000n\000t\000\363\000w\000\040\000w\000y\000k\000o\000n\000a\000w\000c\000z\000y\000c\000h}{}% 4
\BOOKMARK [0][-]{chapter.3}{\376\377\000Z\000a\001\102\000o\001\174\000e\000n\000i\000a\000\040\000p\000r\000o\000j\000e\000k\000t\000o\000w\000e}{}% 5
\BOOKMARK [1][-]{subsection.3.0.1}{\376\377\000M\000e\000t\000o\000d\000a\000\040\000m\000o\000d\000u\000l\000a\000c\000j\000i\000\040\000s\000y\000g\000n\000a\001\102\000u}{chapter.3}% 6
\BOOKMARK [2][-]{subsection.3.0.2}{\376\377\000Z\000d\000e\000f\000i\000n\000i\000o\000w\000a\000n\000i\000e\000\040\000c\000e\000l\000\363\000w\000\040\000a\000l\000g\000o\000r\000y\000t\000m\000u}{subsection.3.0.1}% 7
\BOOKMARK [2][-]{subsection.3.0.3}{\376\377\000O\000p\000t\000y\000m\000a\000l\000i\000z\000a\000c\000j\000a\000\040\000w\000\040\000o\000d\000n\000i\000e\000s\000i\000e\000n\000i\000u\000\040\000d\000o\000\040\000u\000k\001\102\000a\000d\000u\000\040\000r\000e\000g\000u\000l\000a\000c\000j\000i}{subsection.3.0.1}% 8
\BOOKMARK [2][-]{subsection.3.0.4}{\376\377\000P\000o\000g\000l\001\005\000d\000o\000w\000e\000\040\000s\000c\000h\000e\000m\000a\000t\000y\000\040\000i\000n\000s\000t\000a\000l\000a\000c\000j\000i}{subsection.3.0.1}% 9
\BOOKMARK [0][-]{chapter.4}{\376\377\000W\000y\000m\000a\000g\000a\000n\000i\000a\000\040\000i\000\040\000n\000a\000r\000z\001\031\000d\000z\000i\000a}{}% 10
\BOOKMARK [1][-]{subsection.4.0.1}{\376\377\000W\000y\000k\000o\000r\000z\000y\000s\000t\000a\000n\000e\000\040\000n\000a\000r\000z\001\031\000d\000z\000i\000a}{chapter.4}% 11
\BOOKMARK [2][-]{subsection.4.0.2}{\376\377\000S\000t\000r\000u\000k\000t\000u\000r\000a\000\040\000p\000r\000o\000g\000r\000a\000m\000u}{subsection.4.0.1}% 12
\BOOKMARK [2][-]{subsection.4.0.3}{\376\377\000S\000y\000m\000u\000l\000a\000c\000j\000e\000\040\000s\000t\000e\000r\000o\000w\000a\000n\000i\000a\000\040\000u\000k\001\102\000a\000d\000e\000m}{subsection.4.0.1}% 13
\BOOKMARK [2][-]{subsection.4.0.4}{\376\377\000S\000t\000e\000r\000o\000w\000a\000n\000i\000e\000\040\000j\000e\000d\000n\000o\000f\000a\000z\000o\000w\000e}{subsection.4.0.1}% 14
\BOOKMARK [2][-]{subsection.4.0.5}{\376\377\000R\000e\000a\000l\000i\000z\000a\000c\000j\000a\000\040\000n\000i\000e\000r\000\363\000w\000n\000o\000m\000i\000e\000r\000n\000e\000g\000o\000\040\000o\000b\000c\000i\001\005\001\174\000e\000n\000i\000a\000\040\000g\000r\000z\000a\001\102\000e\000k}{subsection.4.0.1}% 15
\BOOKMARK [2][-]{subsection.4.0.6}{\376\377\000M\000o\000d\000y\000f\000i\000k\000a\000c\000j\000a\000\040\000b\000l\000o\000k\000u\000\040\000E\000x\000e\000c\000u\000t\000e\000P\000W\000M}{subsection.4.0.1}% 16
\BOOKMARK [2][-]{subsection.4.0.7}{\376\377\000C\000y\000k\000l\000i\000c\000z\000n\000e\000\040\000p\000r\000z\000e\001\102\001\005\000c\000z\000n\000i\000e\000\040\000g\000r\000z\000a\001\102\000e\000k}{subsection.4.0.1}% 17
\BOOKMARK [2][-]{subsection.4.0.8}{\376\377\000S\000c\000h\000e\000m\000a\000t\000\040\000b\000l\000o\000k\000o\000w\000y}{subsection.4.0.1}% 18
\BOOKMARK [0][-]{chapter.5}{\376\377\000K\000o\000n\000f\000i\000g\000u\000r\000a\000c\000j\000a\000\040\000i\000n\000s\000t\000a\000l\000a\000c\000j\000i}{}% 19
\BOOKMARK [1][-]{subsection.5.0.1}{\376\377\000E\000l\000e\000m\000e\000n\000t\000y\000\040\000s\000y\000s\000t\000e\000m\000u\000\040\000s\000t\000e\000r\000o\000w\000a\000n\000i\000a}{chapter.5}% 20
\BOOKMARK [2][-]{subsection.5.0.2}{\376\377\000S\000t\000a\000n\000d\000a\000r\000d\000\040\000I\000O\000-\000L\000i\000n\000k}{subsection.5.0.1}% 21
\BOOKMARK [2][-]{subsection.5.0.3}{\376\377\000Z\000a\000b\000e\000z\000p\000i\000e\000c\000z\000e\000n\000i\000a}{subsection.5.0.1}% 22
\BOOKMARK [0][-]{chapter.6}{\376\377\000W\000e\000r\000y\000f\000i\000k\000a\000c\000j\000a\000\040\000i\000\040\000w\000a\000l\000i\000d\000a\000c\000j\000a\000\040\000n\000a\000\040\000r\000z\000e\000c\000z\000y\000w\000i\000s\000t\000y\000m\000\040\000u\000k\001\102\000a\000d\000z\000i\000e\000\040\000r\000e\000g\000u\000l\000a\000c\000j\000i}{}% 23
\BOOKMARK [1][-]{subsection.6.0.1}{\376\377\000A\000k\000t\000u\000a\000l\000i\000z\000a\000c\000j\000a\000\040\000p\000r\000o\000g\000r\000a\000m\000u}{chapter.6}% 24
\BOOKMARK [2][-]{subsection.6.0.2}{\376\377\000P\000r\000o\000c\000e\000s\000\040\000r\000e\000g\000u\000l\000a\000c\000j\000i}{subsection.6.0.1}% 25
\BOOKMARK [0][-]{chapter.7}{\376\377\000P\000o\000d\000s\000u\000m\000o\000w\000a\000n\000i\000e\000\040\000i\000\040\000w\000n\000i\000o\000s\000k\000i}{}% 26
\BOOKMARK [1][-]{subsection.7.0.1}{\376\377\000P\000o\000d\000s\000u\000m\000o\000w\000a\000n\000i\000e\000\040\000w\000y\000n\000i\000k\000\363\000w}{chapter.7}% 27
\BOOKMARK [2][-]{subsection.7.0.2}{\376\377\000W\000n\000i\000o\000s\000k\000i}{subsection.7.0.1}% 28
\BOOKMARK [0][-]{chapter*.81}{\376\377\000B\000i\000b\000l\000i\000o\000g\000r\000a\000f\000i\000a}{}% 29
\BOOKMARK [0][-]{appendix*.82}{\376\377\000S\000p\000i\000s\000\040\000s\000k\000r\000\363\000t\000\363\000w\000\040\000i\000\040\000s\000y\000m\000b\000o\000l\000i}{}% 30
\BOOKMARK [0][-]{appendix*.83}{\376\377\000L\000i\000s\000t\000a\000\040\000d\000o\000d\000a\000t\000k\000o\000w\000y\000c\000h\000\040\000p\000l\000i\000k\000\363\000w\000,\000\040\000u\000z\000u\000p\000e\001\102\000n\000i\000a\000j\001\005\000c\000y\000c\000h\000\040\000t\000e\000k\000s\000t\000\040\000p\000r\000a\000c\000y}{}% 31
\BOOKMARK [0][-]{appendix*.84}{\376\377\000S\000p\000i\000s\000\040\000r\000y\000s\000u\000n\000k\000\363\000w}{}% 32
\BOOKMARK [0][-]{appendix*.85}{\376\377\000S\000p\000i\000s\000\040\000t\000a\000b\000e\000l}{}% 33
